[debug] [2022-10-02T13:55:25.753Z] ----------------------------------------------------------------------
[debug] [2022-10-02T13:55:25.755Z] Command:       C:\Program Files\nodejs\node.exe C:\Users\Dzmitry\AppData\Roaming\npm\node_modules\firebase-tools\lib\bin\firebase.js init
[debug] [2022-10-02T13:55:25.756Z] CLI Version:   11.13.0
[debug] [2022-10-02T13:55:25.756Z] Platform:      win32
[debug] [2022-10-02T13:55:25.756Z] Node Version:  v16.13.1
[debug] [2022-10-02T13:55:25.757Z] Time:          Sun Oct 02 2022 15:55:25 GMT+0200 (czas środkowoeuropejski letni)
[debug] [2022-10-02T13:55:25.757Z] ----------------------------------------------------------------------
[debug] 
[debug] [2022-10-02T13:55:25.766Z] > command requires scopes: ["email","openid","https://www.googleapis.com/auth/cloudplatformprojects.readonly","https://www.googleapis.com/auth/firebase","https://www.googleapis.com/auth/cloud-platform"]
[debug] [2022-10-02T13:55:25.767Z] > authorizing via signed-in user (dzmitry.alifer@gmail.com)
[info] 
     ######## #### ########  ######## ########     ###     ######  ########
     ##        ##  ##     ## ##       ##     ##  ##   ##  ##       ##
     ######    ##  ########  ######   ########  #########  ######  ######
     ##        ##  ##    ##  ##       ##     ## ##     ##       ## ##
     ##       #### ##     ## ######## ########  ##     ##  ######  ########

You're about to initialize a Firebase project in this directory:

  D:\tech-interview-helper

[info] 
=== Project Setup
[info] 
[info] First, let's associate this project directory with a Firebase project.
[info] You can create multiple project aliases by running firebase use --add, 
[info] but for now we'll just set up a default project.
[info] 
[debug] [2022-10-02T13:55:34.117Z] >>> [apiv2][query] GET https://firebase.googleapis.com/v1beta1/projects pageSize=100
[debug] [2022-10-02T13:55:34.700Z] <<< [apiv2][status] GET https://firebase.googleapis.com/v1beta1/projects 200
[debug] [2022-10-02T13:55:34.700Z] <<< [apiv2][body] GET https://firebase.googleapis.com/v1beta1/projects [omitted]
[info] i  Using project tech-interview-helper (tech-interview-helper) 
[info] 
=== Firestore Setup
[debug] [2022-10-02T13:55:37.473Z] >>> [apiv2][query] GET https://serviceusage.googleapis.com/v1/projects/tech-interview-helper/services/firestore.googleapis.com [none]
[debug] [2022-10-02T13:55:37.474Z] >>> [apiv2][(partial)header] GET https://serviceusage.googleapis.com/v1/projects/tech-interview-helper/services/firestore.googleapis.com x-goog-quota-user=projects/tech-interview-helper
[debug] [2022-10-02T13:55:38.411Z] <<< [apiv2][status] GET https://serviceusage.googleapis.com/v1/projects/tech-interview-helper/services/firestore.googleapis.com 200
[debug] [2022-10-02T13:55:38.412Z] <<< [apiv2][body] GET https://serviceusage.googleapis.com/v1/projects/tech-interview-helper/services/firestore.googleapis.com [omitted]
[debug] [2022-10-02T13:55:38.414Z] >>> [apiv2][query] GET https://appengine.googleapis.com/v1/apps/tech-interview-helper [none]
[debug] [2022-10-02T13:55:38.812Z] <<< [apiv2][status] GET https://appengine.googleapis.com/v1/apps/tech-interview-helper 200
[debug] [2022-10-02T13:55:38.812Z] <<< [apiv2][body] GET https://appengine.googleapis.com/v1/apps/tech-interview-helper {"name":"apps/tech-interview-helper","id":"tech-interview-helper","authDomain":"gmail.com","locationId":"europe-west","codeBucket":"staging.tech-interview-helper.appspot.com","servingStatus":"SERVING","defaultHostname":"tech-interview-helper.ew.r.appspot.com","defaultBucket":"tech-interview-helper.appspot.com","serviceAccount":"tech-interview-helper@appspot.gserviceaccount.com","gcrDomain":"eu.gcr.io","databaseType":"CLOUD_FIRESTORE","featureSettings":{"splitHealthChecks":true,"useContainerOptimizedOs":true}}
[debug] [2022-10-02T13:55:38.812Z] database_type: CLOUD_FIRESTORE
[debug] [2022-10-02T13:55:38.813Z] > command requires scopes: ["email","openid","https://www.googleapis.com/auth/cloudplatformprojects.readonly","https://www.googleapis.com/auth/firebase","https://www.googleapis.com/auth/cloud-platform"]
[debug] [2022-10-02T13:55:38.813Z] > authorizing via signed-in user (dzmitry.alifer@gmail.com)
[debug] [2022-10-02T13:55:38.814Z] [iam] checking project tech-interview-helper for permissions ["firebase.projects.get"]
[debug] [2022-10-02T13:55:38.815Z] >>> [apiv2][query] POST https://cloudresourcemanager.googleapis.com/v1/projects/tech-interview-helper:testIamPermissions [none]
[debug] [2022-10-02T13:55:38.815Z] >>> [apiv2][(partial)header] POST https://cloudresourcemanager.googleapis.com/v1/projects/tech-interview-helper:testIamPermissions x-goog-quota-user=projects/tech-interview-helper
[debug] [2022-10-02T13:55:38.815Z] >>> [apiv2][body] POST https://cloudresourcemanager.googleapis.com/v1/projects/tech-interview-helper:testIamPermissions {"permissions":["firebase.projects.get"]}
[debug] [2022-10-02T13:55:39.595Z] <<< [apiv2][status] POST https://cloudresourcemanager.googleapis.com/v1/projects/tech-interview-helper:testIamPermissions 200
[debug] [2022-10-02T13:55:39.596Z] <<< [apiv2][body] POST https://cloudresourcemanager.googleapis.com/v1/projects/tech-interview-helper:testIamPermissions {"permissions":["firebase.projects.get"]}
[info] 
[info] Firestore Security Rules allow you to define how and when to allow
[info] requests. You can keep these rules in your project directory
[info] and publish them with firebase deploy.
[info] 
[debug] [2022-10-02T13:55:41.954Z] >>> [apiv2][query] GET https://firebaserules.googleapis.com/v1/projects/tech-interview-helper/releases pageSize=10&pageToken=
[debug] [2022-10-02T13:55:42.835Z] <<< [apiv2][status] GET https://firebaserules.googleapis.com/v1/projects/tech-interview-helper/releases 200
[debug] [2022-10-02T13:55:42.835Z] <<< [apiv2][body] GET https://firebaserules.googleapis.com/v1/projects/tech-interview-helper/releases {"releases":[{"name":"projects/tech-interview-helper/releases/cloud.firestore","rulesetName":"projects/tech-interview-helper/rulesets/b875f0b5-b282-4713-90a0-7380d825cda2","createTime":"2022-10-02T13:55:14.507611Z","updateTime":"2022-10-02T13:55:14.507611Z"}]}
[debug] [2022-10-02T13:55:42.835Z] Found ruleset: projects/tech-interview-helper/rulesets/b875f0b5-b282-4713-90a0-7380d825cda2
[debug] [2022-10-02T13:55:42.835Z] >>> [apiv2][query] GET https://firebaserules.googleapis.com/v1/projects/tech-interview-helper/rulesets/b875f0b5-b282-4713-90a0-7380d825cda2 [none]
[debug] [2022-10-02T13:55:43.673Z] <<< [apiv2][status] GET https://firebaserules.googleapis.com/v1/projects/tech-interview-helper/rulesets/b875f0b5-b282-4713-90a0-7380d825cda2 200
[debug] [2022-10-02T13:55:43.674Z] <<< [apiv2][body] GET https://firebaserules.googleapis.com/v1/projects/tech-interview-helper/rulesets/b875f0b5-b282-4713-90a0-7380d825cda2 [omitted]
[info] 
[info] Firestore indexes allow you to perform complex queries while
[info] maintaining performance that scales with the size of the result
[info] set. You can keep index definitions in your project directory
[info] and publish them with firebase deploy.
[info] 
[debug] [2022-10-02T13:55:45.104Z] >>> [apiv2][query] GET https://firestore.googleapis.com/v1/projects/tech-interview-helper/databases/(default)/collectionGroups/-/indexes [none]
[debug] [2022-10-02T13:55:45.105Z] >>> [apiv2][query] GET https://firestore.googleapis.com/v1/projects/tech-interview-helper/databases/(default)/collectionGroups/-/fields?filter=indexConfig.usesAncestorConfig=false [none]
[debug] [2022-10-02T13:55:45.605Z] <<< [apiv2][status] GET https://firestore.googleapis.com/v1/projects/tech-interview-helper/databases/(default)/collectionGroups/-/indexes 200
[debug] [2022-10-02T13:55:45.606Z] <<< [apiv2][body] GET https://firestore.googleapis.com/v1/projects/tech-interview-helper/databases/(default)/collectionGroups/-/indexes {}
[debug] [2022-10-02T13:55:46.190Z] <<< [apiv2][status] GET https://firestore.googleapis.com/v1/projects/tech-interview-helper/databases/(default)/collectionGroups/-/fields?filter=indexConfig.usesAncestorConfig=false 200
[debug] [2022-10-02T13:55:46.191Z] <<< [apiv2][body] GET https://firestore.googleapis.com/v1/projects/tech-interview-helper/databases/(default)/collectionGroups/-/fields?filter=indexConfig.usesAncestorConfig=false {"fields":[{"name":"projects/tech-interview-helper/databases/(default)/collectionGroups/__default__/fields/*","indexConfig":{"indexes":[{"queryScope":"COLLECTION","fields":[{"fieldPath":"*","order":"ASCENDING"}],"state":"READY"},{"queryScope":"COLLECTION","fields":[{"fieldPath":"*","order":"DESCENDING"}],"state":"READY"},{"queryScope":"COLLECTION","fields":[{"fieldPath":"*","arrayConfig":"CONTAINS"}],"state":"READY"}]}}]}
[info] 
=== Hosting Setup
[info] 
[info] Your public directory is the folder (relative to your project directory) that
[info] will contain Hosting assets to be uploaded with firebase deploy. If you
[info] have a build process for your assets, use your build's output directory.
[info] 
[info] +  Wrote public/404.html 
[debug] [2022-10-02T13:55:55.314Z] >>> [apiv2][query] GET https://www.gstatic.com/firebasejs/releases.json [none]
[debug] [2022-10-02T13:55:55.382Z] <<< [apiv2][status] GET https://www.gstatic.com/firebasejs/releases.json 200
[debug] [2022-10-02T13:55:55.382Z] <<< [apiv2][body] GET https://www.gstatic.com/firebasejs/releases.json {"current":{"version":"9.10.0","browserURL":"https://www.gstatic.com/firebasejs/9.10.0/firebase.js","packageURL":"https://www.gstatic.com/firebasejs/9.10.0/firebase.tgz"},"live":{"version":"9.10","browserURL":"https://www.gstatic.com/firebasejs/live/9.10/firebase.js","packageURL":"https://www.gstatic.com/firebasejs/live/9.10/firebase.tgz"},"components":{"analytics":"https://www.gstatic.com/firebasejs/9.10.0/firebase-analytics.js","app":"https://www.gstatic.com/firebasejs/9.10.0/firebase-app.js","app-check":"https://www.gstatic.com/firebasejs/9.10.0/firebase-app-check.js","auth":"https://www.gstatic.com/firebasejs/9.10.0/firebase-auth.js","auth/cordova":"https://www.gstatic.com/firebasejs/9.10.0/firebase-auth/cordova.js","auth/react-native":"https://www.gstatic.com/firebasejs/9.10.0/firebase-auth/react-native.js","functions":"https://www.gstatic.com/firebasejs/9.10.0/firebase-functions.js","firestore":"https://www.gstatic.com/firebasejs/9.10.0/firebase-firestore.js","firestore/lite":"https://www.gstatic.com/firebasejs/9.10.0/firebase-firestore/lite.js","installations":"https://www.gstatic.com/firebasejs/9.10.0/firebase-installations.js","storage":"https://www.gstatic.com/firebasejs/9.10.0/firebase-storage.js","performance":"https://www.gstatic.com/firebasejs/9.10.0/firebase-performance.js","remote-config":"https://www.gstatic.com/firebasejs/9.10.0/firebase-remote-config.js","messaging":"https://www.gstatic.com/firebasejs/9.10.0/firebase-messaging.js","messaging/sw":"https://www.gstatic.com/firebasejs/9.10.0/firebase-messaging/sw.js","database":"https://www.gstatic.com/firebasejs/9.10.0/firebase-database.js","firestore.memory":"https://www.gstatic.com/firebasejs/9.10.0/firebase-firestore.memory.js"}}
[info] +  Wrote public/index.html 
[info] 
[info] i  Detected a .git folder at D:\tech-interview-helper 
[info] i  Authorizing with GitHub to upload your service account to a GitHub repository's secrets store. 
[info] 
[info] Visit this URL on this device to log in:
[info] https://github.com/login/oauth/authorize?client_id=89cf50f02ac6aaed3484&state=110868117&redirect_uri=http%3A%2F%2Flocalhost%3A9005&scope=read%3Auser%20repo%20public_repo
[info] 
[info] Waiting for authentication...
[debug] [2022-10-02T13:55:56.040Z] >>> [apiv2][query] POST https://github.com/login/oauth/access_token [none]
[debug] [2022-10-02T13:55:56.040Z] >>> [apiv2][body] POST https://github.com/login/oauth/access_token [stream]
[debug] [2022-10-02T13:55:56.337Z] <<< [apiv2][status] POST https://github.com/login/oauth/access_token 200
[debug] [2022-10-02T13:55:56.338Z] <<< [apiv2][body] POST https://github.com/login/oauth/access_token {"access_token":"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","token_type":"bearer","scope":"read:user,repo"}
[debug] [2022-10-02T13:55:56.354Z] >>> [apiv2][query] GET https://api.github.com/user [none]
[debug] [2022-10-02T13:55:56.642Z] <<< [apiv2][status] GET https://api.github.com/user 200
[debug] [2022-10-02T13:55:56.643Z] <<< [apiv2][body] GET https://api.github.com/user {"login":"DzmitryAlifer","id":10926120,"node_id":"MDQ6VXNlcjEwOTI2MTIw","avatar_url":"https://avatars.githubusercontent.com/u/10926120?v=4","gravatar_id":"","url":"https://api.github.com/users/DzmitryAlifer","html_url":"https://github.com/DzmitryAlifer","followers_url":"https://api.github.com/users/DzmitryAlifer/followers","following_url":"https://api.github.com/users/DzmitryAlifer/following{/other_user}","gists_url":"https://api.github.com/users/DzmitryAlifer/gists{/gist_id}","starred_url":"https://api.github.com/users/DzmitryAlifer/starred{/owner}{/repo}","subscriptions_url":"https://api.github.com/users/DzmitryAlifer/subscriptions","organizations_url":"https://api.github.com/users/DzmitryAlifer/orgs","repos_url":"https://api.github.com/users/DzmitryAlifer/repos","events_url":"https://api.github.com/users/DzmitryAlifer/events{/privacy}","received_events_url":"https://api.github.com/users/DzmitryAlifer/received_events","type":"User","site_admin":false,"name":"Dzmitry Alifer","company":"EPAM Systems","blog":"","location":"Belarus, Minsk","email":null,"hireable":null,"bio":null,"twitter_username":null,"public_repos":8,"public_gists":0,"followers":2,"following":0,"created_at":"2015-02-09T16:18:32Z","updated_at":"2022-09-04T12:08:49Z","private_gists":0,"total_private_repos":0,"owned_private_repos":0,"disk_usage":16277,"collaborators":0,"two_factor_authentication":false,"plan":{"name":"free","space":976562499,"collaborators":0,"private_repos":10000}}
[info] 
[info] +  Success! Logged into GitHub as DzmitryAlifer 
[info] 
